<?xml version="1.0" encoding="UTF-8"?>
<testng-results ignored="0" total="1" passed="1" failed="0" skipped="0">
  <reporter-output>
  </reporter-output>
  <suite started-at="2021-06-22T17:20:34Z" name="Default suite" finished-at="2021-06-22T17:20:36Z" duration-ms="1953">
    <groups>
    </groups>
    <test started-at="2021-06-22T17:20:34Z" name="Default test" finished-at="2021-06-22T17:20:36Z" duration-ms="1953">
      <class name="TestCases.TC_Test_002">
        <test-method is-config="true" signature="afterTestMethod()[pri:0, instance:TestCases.TC_Test_002@a3d9978]" started-at="2021-06-22T17:20:34Z" name="afterTestMethod" finished-at="2021-06-22T17:20:34Z" duration-ms="238" status="PASS">
          <reporter-output>
          </reporter-output>
        </test-method> <!-- afterTestMethod -->
        <test-method is-config="true" signature="setup()[pri:0, instance:TestCases.TC_Test_002@a3d9978]" started-at="2021-06-22T17:20:34Z" name="setup" finished-at="2021-06-22T17:20:34Z" duration-ms="40" status="PASS">
          <reporter-output>
          </reporter-output>
        </test-method> <!-- setup -->
        <test-method signature="CreateUser()[pri:0, instance:TestCases.TC_Test_002@a3d9978]" started-at="2021-06-22T17:20:34Z" name="CreateUser" finished-at="2021-06-22T17:20:36Z" duration-ms="1897" status="PASS">
          <reporter-output>
          </reporter-output>
        </test-method> <!-- CreateUser -->
        <test-method is-config="true" signature="tearDown(org.testng.ITestResult)[pri:0, instance:TestCases.TC_Test_002@a3d9978]" started-at="2021-06-22T17:20:36Z" name="tearDown" finished-at="2021-06-22T17:20:36Z" duration-ms="1" status="PASS">
          <params>
            <param index="0">
              <value>
                <![CDATA[[TestResult name=CreateUser status=SUCCESS method=TC_Test_002.CreateUser()[pri:0, instance:TestCases.TC_Test_002@a3d9978] output={null}]]]>
              </value>
            </param>
          </params>
          <reporter-output>
          </reporter-output>
        </test-method> <!-- tearDown -->
        <test-method is-config="true" signature="endReport()[pri:0, instance:TestCases.TC_Test_002@a3d9978]" started-at="2021-06-22T17:20:36Z" name="endReport" finished-at="2021-06-22T17:20:36Z" duration-ms="1" status="PASS">
          <reporter-output>
          </reporter-output>
        </test-method> <!-- endReport -->
      </class> <!-- TestCases.TC_Test_002 -->
    </test> <!-- Default test -->
  </suite> <!-- Default suite -->
</testng-results>
