<?xml version="1.0" encoding="UTF-8"?>
<testng-results ignored="0" total="2" passed="2" failed="0" skipped="0">
  <reporter-output>
  </reporter-output>
  <suite started-at="2021-06-22T17:45:18Z" name="test APIs project" finished-at="2021-06-22T17:45:20Z" duration-ms="2292">
    <groups>
    </groups>
    <test started-at="2021-06-22T17:45:18Z" name="Test 1" finished-at="2021-06-22T17:45:20Z" duration-ms="1619">
      <class name="TestCases.TC_Test_001">
        <test-method is-config="true" signature="setup()[pri:0, instance:TestCases.TC_Test_001@a3d9978]" started-at="2021-06-22T17:45:18Z" name="setup" finished-at="2021-06-22T17:45:18Z" duration-ms="26" status="PASS">
          <reporter-output>
          </reporter-output>
        </test-method> <!-- setup -->
        <test-method signature="get()[pri:0, instance:TestCases.TC_Test_001@a3d9978]" started-at="2021-06-22T17:45:18Z" name="get" finished-at="2021-06-22T17:45:20Z" duration-ms="1537" status="PASS">
          <reporter-output>
          </reporter-output>
        </test-method> <!-- get -->
        <test-method is-config="true" signature="tearDown(org.testng.ITestResult)[pri:0, instance:TestCases.TC_Test_001@a3d9978]" started-at="2021-06-22T17:45:20Z" name="tearDown" finished-at="2021-06-22T17:45:20Z" duration-ms="41" status="PASS">
          <params>
            <param index="0">
              <value>
                <![CDATA[[TestResult name=get status=SUCCESS method=TC_Test_001.get()[pri:0, instance:TestCases.TC_Test_001@a3d9978] output={null}]]]>
              </value>
            </param>
          </params>
          <reporter-output>
          </reporter-output>
        </test-method> <!-- tearDown -->
      </class> <!-- TestCases.TC_Test_001 -->
    </test> <!-- Test 1 -->
    <test started-at="2021-06-22T17:45:20Z" name="Test 2" finished-at="2021-06-22T17:45:20Z" duration-ms="653">
      <class name="TestCases.TC_Test_002">
        <test-method is-config="true" signature="afterTestMethod()[pri:0, instance:TestCases.TC_Test_002@76a2ddf3]" started-at="2021-06-22T17:45:18Z" name="afterTestMethod" finished-at="2021-06-22T17:45:18Z" duration-ms="155" status="PASS">
          <reporter-output>
          </reporter-output>
        </test-method> <!-- afterTestMethod -->
        <test-method is-config="true" signature="setup()[pri:0, instance:TestCases.TC_Test_002@76a2ddf3]" started-at="2021-06-22T17:45:20Z" name="setup" finished-at="2021-06-22T17:45:20Z" duration-ms="2" status="PASS">
          <reporter-output>
          </reporter-output>
        </test-method> <!-- setup -->
        <test-method signature="CreateUser()[pri:0, instance:TestCases.TC_Test_002@76a2ddf3]" started-at="2021-06-22T17:45:20Z" name="CreateUser" finished-at="2021-06-22T17:45:20Z" duration-ms="647" status="PASS">
          <reporter-output>
          </reporter-output>
        </test-method> <!-- CreateUser -->
        <test-method is-config="true" signature="tearDown(org.testng.ITestResult)[pri:0, instance:TestCases.TC_Test_002@76a2ddf3]" started-at="2021-06-22T17:45:20Z" name="tearDown" finished-at="2021-06-22T17:45:20Z" duration-ms="1" status="PASS">
          <params>
            <param index="0">
              <value>
                <![CDATA[[TestResult name=CreateUser status=SUCCESS method=TC_Test_002.CreateUser()[pri:0, instance:TestCases.TC_Test_002@76a2ddf3] output={null}]]]>
              </value>
            </param>
          </params>
          <reporter-output>
          </reporter-output>
        </test-method> <!-- tearDown -->
        <test-method is-config="true" signature="endReport()[pri:0, instance:TestCases.TC_Test_002@76a2ddf3]" started-at="2021-06-22T17:45:20Z" name="endReport" finished-at="2021-06-22T17:45:21Z" duration-ms="431" status="PASS">
          <reporter-output>
          </reporter-output>
        </test-method> <!-- endReport -->
      </class> <!-- TestCases.TC_Test_002 -->
    </test> <!-- Test 2 -->
  </suite> <!-- test APIs project -->
</testng-results>
